2015-04-19 11:52:48 [127.0.0.1][-][-][error][yii\db\Exception] exception 'PDOException' with message 'SQLSTATE[HY000] [1045] Access denied for user 'root'@'localhost' (using password: NO)' in E:\Visual-AMP-x64\www\blog\blog\vendor\yiisoft\yii2\db\Connection.php:579
Stack trace:
#0 E:\Visual-AMP-x64\www\blog\blog\vendor\yiisoft\yii2\db\Connection.php(579): PDO->__construct('mysql:host=loca...', 'root', '', NULL)
#1 E:\Visual-AMP-x64\www\blog\blog\vendor\yiisoft\yii2\db\Connection.php(529): yii\db\Connection->createPdoInstance()
#2 E:\Visual-AMP-x64\www\blog\blog\vendor\yiisoft\yii2\db\Connection.php(836): yii\db\Connection->open()
#3 E:\Visual-AMP-x64\www\blog\blog\vendor\yiisoft\yii2\db\Connection.php(823): yii\db\Connection->getMasterPdo()
#4 E:\Visual-AMP-x64\www\blog\blog\vendor\yiisoft\yii2\db\Schema.php(383): yii\db\Connection->getSlavePdo()
#5 E:\Visual-AMP-x64\www\blog\blog\vendor\yiisoft\yii2\db\Connection.php(732): yii\db\Schema->quoteValue('zdjx')
#6 E:\Visual-AMP-x64\www\blog\blog\vendor\yiisoft\yii2\db\Command.php(164): yii\db\Connection->quoteValue('zdjx')
#7 E:\Visual-AMP-x64\www\blog\blog\vendor\yiisoft\yii2\db\Command.php(791): yii\db\Command->getRawSql()
#8 E:\Visual-AMP-x64\www\blog\blog\vendor\yiisoft\yii2\db\Command.php(376): yii\db\Command->queryInternal('fetchColumn', 0)
#9 E:\Visual-AMP-x64\www\blog\blog\vendor\yiisoft\yii2\db\Query.php(348): yii\db\Command->queryScalar()
#10 E:\Visual-AMP-x64\www\blog\blog\vendor\yiisoft\yii2\validators\UniqueValidator.php(111): yii\db\Query->exists()
#11 E:\Visual-AMP-x64\www\blog\blog\vendor\yiisoft\yii2\validators\Validator.php(238): yii\validators\UniqueValidator->validateAttribute(Object(frontend\models\SignupForm), 'username')
#12 E:\Visual-AMP-x64\www\blog\blog\vendor\yiisoft\yii2\base\Model.php(333): yii\validators\Validator->validateAttributes(Object(frontend\models\SignupForm), Array)
#13 E:\Visual-AMP-x64\www\blog\blog\frontend\models\SignupForm.php(45): yii\base\Model->validate()
#14 E:\Visual-AMP-x64\www\blog\blog\frontend\controllers\SiteController.php(123): frontend\models\SignupForm->signup()
#15 [internal function]: frontend\controllers\SiteController->actionSignup()
#16 E:\Visual-AMP-x64\www\blog\blog\vendor\yiisoft\yii2\base\InlineAction.php(55): call_user_func_array(Array, Array)
#17 E:\Visual-AMP-x64\www\blog\blog\vendor\yiisoft\yii2\base\Controller.php(151): yii\base\InlineAction->runWithParams(Array)
#18 E:\Visual-AMP-x64\www\blog\blog\vendor\yiisoft\yii2\base\Module.php(455): yii\base\Controller->runAction('signup', Array)
#19 E:\Visual-AMP-x64\www\blog\blog\vendor\yiisoft\yii2\web\Application.php(83): yii\base\Module->runAction('site/signup', Array)
#20 E:\Visual-AMP-x64\www\blog\blog\vendor\yiisoft\yii2\base\Application.php(375): yii\web\Application->handleRequest(Object(yii\web\Request))
#21 E:\Visual-AMP-x64\www\blog\blog\frontend\web\index.php(18): yii\base\Application->run()
#22 {main}

Next exception 'yii\db\Exception' with message 'SQLSTATE[HY000] [1045] Access denied for user 'root'@'localhost' (using password: NO)' in E:\Visual-AMP-x64\www\blog\blog\vendor\yiisoft\yii2\db\Connection.php:534
Stack trace:
#0 E:\Visual-AMP-x64\www\blog\blog\vendor\yiisoft\yii2\db\Connection.php(836): yii\db\Connection->open()
#1 E:\Visual-AMP-x64\www\blog\blog\vendor\yiisoft\yii2\db\Connection.php(823): yii\db\Connection->getMasterPdo()
#2 E:\Visual-AMP-x64\www\blog\blog\vendor\yiisoft\yii2\db\Schema.php(383): yii\db\Connection->getSlavePdo()
#3 E:\Visual-AMP-x64\www\blog\blog\vendor\yiisoft\yii2\db\Connection.php(732): yii\db\Schema->quoteValue('zdjx')
#4 E:\Visual-AMP-x64\www\blog\blog\vendor\yiisoft\yii2\db\Command.php(164): yii\db\Connection->quoteValue('zdjx')
#5 E:\Visual-AMP-x64\www\blog\blog\vendor\yiisoft\yii2\db\Command.php(791): yii\db\Command->getRawSql()
#6 E:\Visual-AMP-x64\www\blog\blog\vendor\yiisoft\yii2\db\Command.php(376): yii\db\Command->queryInternal('fetchColumn', 0)
#7 E:\Visual-AMP-x64\www\blog\blog\vendor\yiisoft\yii2\db\Query.php(348): yii\db\Command->queryScalar()
#8 E:\Visual-AMP-x64\www\blog\blog\vendor\yiisoft\yii2\validators\UniqueValidator.php(111): yii\db\Query->exists()
#9 E:\Visual-AMP-x64\www\blog\blog\vendor\yiisoft\yii2\validators\Validator.php(238): yii\validators\UniqueValidator->validateAttribute(Object(frontend\models\SignupForm), 'username')
#10 E:\Visual-AMP-x64\www\blog\blog\vendor\yiisoft\yii2\base\Model.php(333): yii\validators\Validator->validateAttributes(Object(frontend\models\SignupForm), Array)
#11 E:\Visual-AMP-x64\www\blog\blog\frontend\models\SignupForm.php(45): yii\base\Model->validate()
#12 E:\Visual-AMP-x64\www\blog\blog\frontend\controllers\SiteController.php(123): frontend\models\SignupForm->signup()
#13 [internal function]: frontend\controllers\SiteController->actionSignup()
#14 E:\Visual-AMP-x64\www\blog\blog\vendor\yiisoft\yii2\base\InlineAction.php(55): call_user_func_array(Array, Array)
#15 E:\Visual-AMP-x64\www\blog\blog\vendor\yiisoft\yii2\base\Controller.php(151): yii\base\InlineAction->runWithParams(Array)
#16 E:\Visual-AMP-x64\www\blog\blog\vendor\yiisoft\yii2\base\Module.php(455): yii\base\Controller->runAction('signup', Array)
#17 E:\Visual-AMP-x64\www\blog\blog\vendor\yiisoft\yii2\web\Application.php(83): yii\base\Module->runAction('site/signup', Array)
#18 E:\Visual-AMP-x64\www\blog\blog\vendor\yiisoft\yii2\base\Application.php(375): yii\web\Application->handleRequest(Object(yii\web\Request))
#19 E:\Visual-AMP-x64\www\blog\blog\frontend\web\index.php(18): yii\base\Application->run()
#20 {main}
Additional Information:

2015-04-19 11:52:46 [127.0.0.1][-][-][info][application] $_GET = [
    'r' => 'site/signup'
]

$_POST = [
    '_csrf' => 'LnZzTTVZMWpDLxkqc21EGhcaBzpWAwkAfRUnP1ARaA14GhwKdBBpDA=='
    'SignupForm' => [
        'username' => 'zdjx'
        'email' => '912056724@qq.com'
        'password' => 'ivanhan'
    ]
    'signup-button' => ''
]

$_COOKIE = [
    'PHPSESSID' => 'u006pm8heumgsvrvc9oteqal32'
    '_csrf' => '5799b1a4583b4ccb4f4a83bd17f8641e98054bb29f8e851ddfd140ea1592f9d7a:2:{i:0;s:5:\"_csrf\";i:1;s:32:\"mYjgF4up9ltwcZ8jScTreHYgVloGAIXf\";}'
]

$_SESSION = [
    '__flash' => []
]

$_SERVER = [
    'PATH' => 'C:\\Windows\\system32;C:\\Windows;C:\\Windows\\System32\\Wbem;C:\\Windows\\System32\\WindowsPowerShell\\v1.0\\;C:\\Program Files\\Java\\jdk1.7.0_75\\bin;E:\\Visual-AMP-x64\\Bin\\PHP\\php-5.6.3-nts-Win32-VC11-x64;C:\\ProgramData\\ComposerSetup\\bin;'
    'SYSTEMROOT' => 'C:\\Windows'
    'COMSPEC' => 'C:\\Windows\\system32\\cmd.exe'
    'PATHEXT' => '.COM;.EXE;.BAT;.CMD;.VBS;.VBE;.JS;.JSE;.WSF;.WSH;.MSC'
    'WINDIR' => 'C:\\Windows'
    'PHP_FCGI_MAX_REQUESTS' => '1000'
    'PHPRC' => 'E:/Visual-AMP-x64/Bin/PHP/php-5.6.3-nts-Win32-VC11-x64'
    '_FCGI_SHUTDOWN_EVENT_' => '984'
    'SCRIPT_NAME' => '/frontend/web/index.php'
    'REQUEST_URI' => '/frontend/web/index.php?r=site%2Fsignup'
    'QUERY_STRING' => 'r=site%2Fsignup'
    'REQUEST_METHOD' => 'POST'
    'SERVER_PROTOCOL' => 'HTTP/1.1'
    'GATEWAY_INTERFACE' => 'CGI/1.1'
    'REMOTE_PORT' => '55596'
    'SCRIPT_FILENAME' => 'E:/Visual-AMP-x64/www/blog/blog/frontend/web/index.php'
    'SERVER_ADMIN' => 'admin@example.com'
    'CONTEXT_DOCUMENT_ROOT' => 'E:/Visual-AMP-x64/www/blog/blog'
    'CONTEXT_PREFIX' => ''
    'REQUEST_SCHEME' => 'http'
    'DOCUMENT_ROOT' => 'E:/Visual-AMP-x64/www/blog/blog'
    'REMOTE_ADDR' => '127.0.0.1'
    'SERVER_PORT' => '80'
    'SERVER_ADDR' => '127.0.0.1'
    'SERVER_NAME' => 'www.legend.com'
    'SERVER_SOFTWARE' => 'Apache/2.4.10 (Win64) mod_fcgid/2.3.9'
    'SERVER_SIGNATURE' => ''
    'SystemRoot' => 'C:\\Windows'
    'HTTP_COOKIE' => 'PHPSESSID=u006pm8heumgsvrvc9oteqal32; _csrf=5799b1a4583b4ccb4f4a83bd17f8641e98054bb29f8e851ddfd140ea1592f9d7a%3A2%3A%7Bi%3A0%3Bs%3A5%3A%22_csrf%22%3Bi%3A1%3Bs%3A32%3A%22mYjgF4up9ltwcZ8jScTreHYgVloGAIXf%22%3B%7D'
    'HTTP_ACCEPT_LANGUAGE' => 'zh-CN,zh;q=0.8'
    'HTTP_ACCEPT_ENCODING' => 'gzip,deflate,sdch'
    'HTTP_REFERER' => 'http://www.legend.com/frontend/web/index.php?r=site%2Fsignup'
    'CONTENT_TYPE' => 'application/x-www-form-urlencoded'
    'HTTP_USER_AGENT' => 'Mozilla/5.0 (Windows NT 6.1; WOW64) AppleWebKit/537.36 (KHTML, like Gecko) Chrome/31.0.1650.63 Safari/537.36'
    'HTTP_ORIGIN' => 'http://www.legend.com'
    'HTTP_ACCEPT' => 'text/html,application/xhtml+xml,application/xml;q=0.9,image/webp,*/*;q=0.8'
    'HTTP_CACHE_CONTROL' => 'max-age=0'
    'CONTENT_LENGTH' => '185'
    'HTTP_CONNECTION' => 'close'
    'HTTP_HOST' => 'www.legend.com'
    'FCGI_ROLE' => 'RESPONDER'
    'PHP_SELF' => '/frontend/web/index.php'
    'REQUEST_TIME_FLOAT' => 1429444366.8069
    'REQUEST_TIME' => 1429444366
]
2015-04-19 12:05:34 [127.0.0.1][-][-][error][yii\db\Exception] exception 'PDOException' with message 'SQLSTATE[HY000] [1045] Access denied for user 'root'@'localhost' (using password: NO)' in E:\Visual-AMP-x64\www\blog\blog\vendor\yiisoft\yii2\db\Connection.php:579
Stack trace:
#0 E:\Visual-AMP-x64\www\blog\blog\vendor\yiisoft\yii2\db\Connection.php(579): PDO->__construct('mysql:host=loca...', 'root', '', NULL)
#1 E:\Visual-AMP-x64\www\blog\blog\vendor\yiisoft\yii2\db\Connection.php(529): yii\db\Connection->createPdoInstance()
#2 E:\Visual-AMP-x64\www\blog\blog\vendor\yiisoft\yii2\db\Connection.php(836): yii\db\Connection->open()
#3 E:\Visual-AMP-x64\www\blog\blog\vendor\yiisoft\yii2\db\Connection.php(823): yii\db\Connection->getMasterPdo()
#4 E:\Visual-AMP-x64\www\blog\blog\vendor\yiisoft\yii2\db\Schema.php(383): yii\db\Connection->getSlavePdo()
#5 E:\Visual-AMP-x64\www\blog\blog\vendor\yiisoft\yii2\db\Connection.php(732): yii\db\Schema->quoteValue('zdjx')
#6 E:\Visual-AMP-x64\www\blog\blog\vendor\yiisoft\yii2\db\Command.php(164): yii\db\Connection->quoteValue('zdjx')
#7 E:\Visual-AMP-x64\www\blog\blog\vendor\yiisoft\yii2\db\Command.php(791): yii\db\Command->getRawSql()
#8 E:\Visual-AMP-x64\www\blog\blog\vendor\yiisoft\yii2\db\Command.php(376): yii\db\Command->queryInternal('fetchColumn', 0)
#9 E:\Visual-AMP-x64\www\blog\blog\vendor\yiisoft\yii2\db\Query.php(348): yii\db\Command->queryScalar()
#10 E:\Visual-AMP-x64\www\blog\blog\vendor\yiisoft\yii2\validators\UniqueValidator.php(111): yii\db\Query->exists()
#11 E:\Visual-AMP-x64\www\blog\blog\vendor\yiisoft\yii2\validators\Validator.php(238): yii\validators\UniqueValidator->validateAttribute(Object(frontend\models\SignupForm), 'username')
#12 E:\Visual-AMP-x64\www\blog\blog\vendor\yiisoft\yii2\base\Model.php(333): yii\validators\Validator->validateAttributes(Object(frontend\models\SignupForm), Array)
#13 E:\Visual-AMP-x64\www\blog\blog\frontend\models\SignupForm.php(45): yii\base\Model->validate()
#14 E:\Visual-AMP-x64\www\blog\blog\frontend\controllers\SiteController.php(123): frontend\models\SignupForm->signup()
#15 [internal function]: frontend\controllers\SiteController->actionSignup()
#16 E:\Visual-AMP-x64\www\blog\blog\vendor\yiisoft\yii2\base\InlineAction.php(55): call_user_func_array(Array, Array)
#17 E:\Visual-AMP-x64\www\blog\blog\vendor\yiisoft\yii2\base\Controller.php(151): yii\base\InlineAction->runWithParams(Array)
#18 E:\Visual-AMP-x64\www\blog\blog\vendor\yiisoft\yii2\base\Module.php(455): yii\base\Controller->runAction('signup', Array)
#19 E:\Visual-AMP-x64\www\blog\blog\vendor\yiisoft\yii2\web\Application.php(83): yii\base\Module->runAction('site/signup', Array)
#20 E:\Visual-AMP-x64\www\blog\blog\vendor\yiisoft\yii2\base\Application.php(375): yii\web\Application->handleRequest(Object(yii\web\Request))
#21 E:\Visual-AMP-x64\www\blog\blog\frontend\web\index.php(18): yii\base\Application->run()
#22 {main}

Next exception 'yii\db\Exception' with message 'SQLSTATE[HY000] [1045] Access denied for user 'root'@'localhost' (using password: NO)' in E:\Visual-AMP-x64\www\blog\blog\vendor\yiisoft\yii2\db\Connection.php:534
Stack trace:
#0 E:\Visual-AMP-x64\www\blog\blog\vendor\yiisoft\yii2\db\Connection.php(836): yii\db\Connection->open()
#1 E:\Visual-AMP-x64\www\blog\blog\vendor\yiisoft\yii2\db\Connection.php(823): yii\db\Connection->getMasterPdo()
#2 E:\Visual-AMP-x64\www\blog\blog\vendor\yiisoft\yii2\db\Schema.php(383): yii\db\Connection->getSlavePdo()
#3 E:\Visual-AMP-x64\www\blog\blog\vendor\yiisoft\yii2\db\Connection.php(732): yii\db\Schema->quoteValue('zdjx')
#4 E:\Visual-AMP-x64\www\blog\blog\vendor\yiisoft\yii2\db\Command.php(164): yii\db\Connection->quoteValue('zdjx')
#5 E:\Visual-AMP-x64\www\blog\blog\vendor\yiisoft\yii2\db\Command.php(791): yii\db\Command->getRawSql()
#6 E:\Visual-AMP-x64\www\blog\blog\vendor\yiisoft\yii2\db\Command.php(376): yii\db\Command->queryInternal('fetchColumn', 0)
#7 E:\Visual-AMP-x64\www\blog\blog\vendor\yiisoft\yii2\db\Query.php(348): yii\db\Command->queryScalar()
#8 E:\Visual-AMP-x64\www\blog\blog\vendor\yiisoft\yii2\validators\UniqueValidator.php(111): yii\db\Query->exists()
#9 E:\Visual-AMP-x64\www\blog\blog\vendor\yiisoft\yii2\validators\Validator.php(238): yii\validators\UniqueValidator->validateAttribute(Object(frontend\models\SignupForm), 'username')
#10 E:\Visual-AMP-x64\www\blog\blog\vendor\yiisoft\yii2\base\Model.php(333): yii\validators\Validator->validateAttributes(Object(frontend\models\SignupForm), Array)
#11 E:\Visual-AMP-x64\www\blog\blog\frontend\models\SignupForm.php(45): yii\base\Model->validate()
#12 E:\Visual-AMP-x64\www\blog\blog\frontend\controllers\SiteController.php(123): frontend\models\SignupForm->signup()
#13 [internal function]: frontend\controllers\SiteController->actionSignup()
#14 E:\Visual-AMP-x64\www\blog\blog\vendor\yiisoft\yii2\base\InlineAction.php(55): call_user_func_array(Array, Array)
#15 E:\Visual-AMP-x64\www\blog\blog\vendor\yiisoft\yii2\base\Controller.php(151): yii\base\InlineAction->runWithParams(Array)
#16 E:\Visual-AMP-x64\www\blog\blog\vendor\yiisoft\yii2\base\Module.php(455): yii\base\Controller->runAction('signup', Array)
#17 E:\Visual-AMP-x64\www\blog\blog\vendor\yiisoft\yii2\web\Application.php(83): yii\base\Module->runAction('site/signup', Array)
#18 E:\Visual-AMP-x64\www\blog\blog\vendor\yiisoft\yii2\base\Application.php(375): yii\web\Application->handleRequest(Object(yii\web\Request))
#19 E:\Visual-AMP-x64\www\blog\blog\frontend\web\index.php(18): yii\base\Application->run()
#20 {main}
Additional Information:

2015-04-19 12:05:29 [127.0.0.1][-][-][info][application] $_GET = [
    'r' => 'site/signup'
]

$_POST = [
    '_csrf' => 'OTZOSVJQZ2ZUbyQuFGQSFgBaOj4xCl8MalUaOzcYPgFvWiEOExk/AA=='
    'SignupForm' => [
        'username' => 'zdjx'
        'email' => '912056724@qq.com'
        'password' => 'ivanhan'
    ]
    'signup-button' => ''
]

$_COOKIE = [
    'PHPSESSID' => 'u006pm8heumgsvrvc9oteqal32'
    '_csrf' => '5799b1a4583b4ccb4f4a83bd17f8641e98054bb29f8e851ddfd140ea1592f9d7a:2:{i:0;s:5:\"_csrf\";i:1;s:32:\"mYjgF4up9ltwcZ8jScTreHYgVloGAIXf\";}'
]

$_SESSION = [
    '__flash' => []
]

$_SERVER = [
    'PATH' => 'C:\\Windows\\system32;C:\\Windows;C:\\Windows\\System32\\Wbem;C:\\Windows\\System32\\WindowsPowerShell\\v1.0\\;C:\\Program Files\\Java\\jdk1.7.0_75\\bin;E:\\Visual-AMP-x64\\Bin\\PHP\\php-5.6.3-nts-Win32-VC11-x64;C:\\ProgramData\\ComposerSetup\\bin;'
    'SYSTEMROOT' => 'C:\\Windows'
    'COMSPEC' => 'C:\\Windows\\system32\\cmd.exe'
    'PATHEXT' => '.COM;.EXE;.BAT;.CMD;.VBS;.VBE;.JS;.JSE;.WSF;.WSH;.MSC'
    'WINDIR' => 'C:\\Windows'
    'PHP_FCGI_MAX_REQUESTS' => '1000'
    'PHPRC' => 'E:/Visual-AMP-x64/Bin/PHP/php-5.6.3-nts-Win32-VC11-x64'
    '_FCGI_SHUTDOWN_EVENT_' => '1080'
    'SCRIPT_NAME' => '/frontend/web/index.php'
    'REQUEST_URI' => '/frontend/web/index.php?r=site%2Fsignup'
    'QUERY_STRING' => 'r=site%2Fsignup'
    'REQUEST_METHOD' => 'POST'
    'SERVER_PROTOCOL' => 'HTTP/1.1'
    'GATEWAY_INTERFACE' => 'CGI/1.1'
    'REMOTE_PORT' => '56635'
    'SCRIPT_FILENAME' => 'E:/Visual-AMP-x64/www/blog/blog/frontend/web/index.php'
    'SERVER_ADMIN' => 'admin@example.com'
    'CONTEXT_DOCUMENT_ROOT' => 'E:/Visual-AMP-x64/www/blog/blog'
    'CONTEXT_PREFIX' => ''
    'REQUEST_SCHEME' => 'http'
    'DOCUMENT_ROOT' => 'E:/Visual-AMP-x64/www/blog/blog'
    'REMOTE_ADDR' => '127.0.0.1'
    'SERVER_PORT' => '80'
    'SERVER_ADDR' => '127.0.0.1'
    'SERVER_NAME' => 'www.legend.com'
    'SERVER_SOFTWARE' => 'Apache/2.4.10 (Win64) mod_fcgid/2.3.9'
    'SERVER_SIGNATURE' => ''
    'SystemRoot' => 'C:\\Windows'
    'HTTP_COOKIE' => 'PHPSESSID=u006pm8heumgsvrvc9oteqal32; _csrf=5799b1a4583b4ccb4f4a83bd17f8641e98054bb29f8e851ddfd140ea1592f9d7a%3A2%3A%7Bi%3A0%3Bs%3A5%3A%22_csrf%22%3Bi%3A1%3Bs%3A32%3A%22mYjgF4up9ltwcZ8jScTreHYgVloGAIXf%22%3B%7D'
    'HTTP_ACCEPT_LANGUAGE' => 'zh-CN,zh;q=0.8'
    'HTTP_ACCEPT_ENCODING' => 'gzip,deflate,sdch'
    'HTTP_REFERER' => 'http://www.legend.com/frontend/web/index.php?r=site%2Fsignup'
    'CONTENT_TYPE' => 'application/x-www-form-urlencoded'
    'HTTP_USER_AGENT' => 'Mozilla/5.0 (Windows NT 6.1; WOW64) AppleWebKit/537.36 (KHTML, like Gecko) Chrome/31.0.1650.63 Safari/537.36'
    'HTTP_ORIGIN' => 'http://www.legend.com'
    'HTTP_ACCEPT' => 'text/html,application/xhtml+xml,application/xml;q=0.9,image/webp,*/*;q=0.8'
    'HTTP_CACHE_CONTROL' => 'max-age=0'
    'CONTENT_LENGTH' => '187'
    'HTTP_CONNECTION' => 'close'
    'HTTP_HOST' => 'www.legend.com'
    'FCGI_ROLE' => 'RESPONDER'
    'PHP_SELF' => '/frontend/web/index.php'
    'REQUEST_TIME_FLOAT' => 1429445128.3854
    'REQUEST_TIME' => 1429445128
]
2015-04-19 12:06:04 [127.0.0.1][-][-][error][yii\db\Exception] exception 'PDOException' with message 'SQLSTATE[HY000] [1045] Access denied for user 'root'@'localhost' (using password: NO)' in E:\Visual-AMP-x64\www\blog\blog\vendor\yiisoft\yii2\db\Connection.php:579
Stack trace:
#0 E:\Visual-AMP-x64\www\blog\blog\vendor\yiisoft\yii2\db\Connection.php(579): PDO->__construct('mysql:host=loca...', 'root', '', NULL)
#1 E:\Visual-AMP-x64\www\blog\blog\vendor\yiisoft\yii2\db\Connection.php(529): yii\db\Connection->createPdoInstance()
#2 E:\Visual-AMP-x64\www\blog\blog\vendor\yiisoft\yii2\db\Connection.php(836): yii\db\Connection->open()
#3 E:\Visual-AMP-x64\www\blog\blog\vendor\yiisoft\yii2\db\Connection.php(823): yii\db\Connection->getMasterPdo()
#4 E:\Visual-AMP-x64\www\blog\blog\vendor\yiisoft\yii2\db\Schema.php(383): yii\db\Connection->getSlavePdo()
#5 E:\Visual-AMP-x64\www\blog\blog\vendor\yiisoft\yii2\db\Connection.php(732): yii\db\Schema->quoteValue('zdjx')
#6 E:\Visual-AMP-x64\www\blog\blog\vendor\yiisoft\yii2\db\Command.php(164): yii\db\Connection->quoteValue('zdjx')
#7 E:\Visual-AMP-x64\www\blog\blog\vendor\yiisoft\yii2\db\Command.php(791): yii\db\Command->getRawSql()
#8 E:\Visual-AMP-x64\www\blog\blog\vendor\yiisoft\yii2\db\Command.php(376): yii\db\Command->queryInternal('fetchColumn', 0)
#9 E:\Visual-AMP-x64\www\blog\blog\vendor\yiisoft\yii2\db\Query.php(348): yii\db\Command->queryScalar()
#10 E:\Visual-AMP-x64\www\blog\blog\vendor\yiisoft\yii2\validators\UniqueValidator.php(111): yii\db\Query->exists()
#11 E:\Visual-AMP-x64\www\blog\blog\vendor\yiisoft\yii2\validators\Validator.php(238): yii\validators\UniqueValidator->validateAttribute(Object(frontend\models\SignupForm), 'username')
#12 E:\Visual-AMP-x64\www\blog\blog\vendor\yiisoft\yii2\base\Model.php(333): yii\validators\Validator->validateAttributes(Object(frontend\models\SignupForm), Array)
#13 E:\Visual-AMP-x64\www\blog\blog\frontend\models\SignupForm.php(45): yii\base\Model->validate()
#14 E:\Visual-AMP-x64\www\blog\blog\frontend\controllers\SiteController.php(123): frontend\models\SignupForm->signup()
#15 [internal function]: frontend\controllers\SiteController->actionSignup()
#16 E:\Visual-AMP-x64\www\blog\blog\vendor\yiisoft\yii2\base\InlineAction.php(55): call_user_func_array(Array, Array)
#17 E:\Visual-AMP-x64\www\blog\blog\vendor\yiisoft\yii2\base\Controller.php(151): yii\base\InlineAction->runWithParams(Array)
#18 E:\Visual-AMP-x64\www\blog\blog\vendor\yiisoft\yii2\base\Module.php(455): yii\base\Controller->runAction('signup', Array)
#19 E:\Visual-AMP-x64\www\blog\blog\vendor\yiisoft\yii2\web\Application.php(83): yii\base\Module->runAction('site/signup', Array)
#20 E:\Visual-AMP-x64\www\blog\blog\vendor\yiisoft\yii2\base\Application.php(375): yii\web\Application->handleRequest(Object(yii\web\Request))
#21 E:\Visual-AMP-x64\www\blog\blog\frontend\web\index.php(18): yii\base\Application->run()
#22 {main}

Next exception 'yii\db\Exception' with message 'SQLSTATE[HY000] [1045] Access denied for user 'root'@'localhost' (using password: NO)' in E:\Visual-AMP-x64\www\blog\blog\vendor\yiisoft\yii2\db\Connection.php:534
Stack trace:
#0 E:\Visual-AMP-x64\www\blog\blog\vendor\yiisoft\yii2\db\Connection.php(836): yii\db\Connection->open()
#1 E:\Visual-AMP-x64\www\blog\blog\vendor\yiisoft\yii2\db\Connection.php(823): yii\db\Connection->getMasterPdo()
#2 E:\Visual-AMP-x64\www\blog\blog\vendor\yiisoft\yii2\db\Schema.php(383): yii\db\Connection->getSlavePdo()
#3 E:\Visual-AMP-x64\www\blog\blog\vendor\yiisoft\yii2\db\Connection.php(732): yii\db\Schema->quoteValue('zdjx')
#4 E:\Visual-AMP-x64\www\blog\blog\vendor\yiisoft\yii2\db\Command.php(164): yii\db\Connection->quoteValue('zdjx')
#5 E:\Visual-AMP-x64\www\blog\blog\vendor\yiisoft\yii2\db\Command.php(791): yii\db\Command->getRawSql()
#6 E:\Visual-AMP-x64\www\blog\blog\vendor\yiisoft\yii2\db\Command.php(376): yii\db\Command->queryInternal('fetchColumn', 0)
#7 E:\Visual-AMP-x64\www\blog\blog\vendor\yiisoft\yii2\db\Query.php(348): yii\db\Command->queryScalar()
#8 E:\Visual-AMP-x64\www\blog\blog\vendor\yiisoft\yii2\validators\UniqueValidator.php(111): yii\db\Query->exists()
#9 E:\Visual-AMP-x64\www\blog\blog\vendor\yiisoft\yii2\validators\Validator.php(238): yii\validators\UniqueValidator->validateAttribute(Object(frontend\models\SignupForm), 'username')
#10 E:\Visual-AMP-x64\www\blog\blog\vendor\yiisoft\yii2\base\Model.php(333): yii\validators\Validator->validateAttributes(Object(frontend\models\SignupForm), Array)
#11 E:\Visual-AMP-x64\www\blog\blog\frontend\models\SignupForm.php(45): yii\base\Model->validate()
#12 E:\Visual-AMP-x64\www\blog\blog\frontend\controllers\SiteController.php(123): frontend\models\SignupForm->signup()
#13 [internal function]: frontend\controllers\SiteController->actionSignup()
#14 E:\Visual-AMP-x64\www\blog\blog\vendor\yiisoft\yii2\base\InlineAction.php(55): call_user_func_array(Array, Array)
#15 E:\Visual-AMP-x64\www\blog\blog\vendor\yiisoft\yii2\base\Controller.php(151): yii\base\InlineAction->runWithParams(Array)
#16 E:\Visual-AMP-x64\www\blog\blog\vendor\yiisoft\yii2\base\Module.php(455): yii\base\Controller->runAction('signup', Array)
#17 E:\Visual-AMP-x64\www\blog\blog\vendor\yiisoft\yii2\web\Application.php(83): yii\base\Module->runAction('site/signup', Array)
#18 E:\Visual-AMP-x64\www\blog\blog\vendor\yiisoft\yii2\base\Application.php(375): yii\web\Application->handleRequest(Object(yii\web\Request))
#19 E:\Visual-AMP-x64\www\blog\blog\frontend\web\index.php(18): yii\base\Application->run()
#20 {main}
Additional Information:

2015-04-19 12:06:01 [127.0.0.1][-][-][info][application] $_GET = [
    'r' => 'site/signup'
]

$_POST = [
    '_csrf' => 'RGYuX2NvRkwpP0Q4JVszPH0KWigANX4mFwV6LQYnHysSCkEYIiYeKg=='
    'SignupForm' => [
        'username' => 'zdjx'
        'email' => '912056724@qq.com'
        'password' => '91208888'
    ]
    'signup-button' => ''
]

$_COOKIE = [
    'PHPSESSID' => 'u006pm8heumgsvrvc9oteqal32'
    '_csrf' => '5799b1a4583b4ccb4f4a83bd17f8641e98054bb29f8e851ddfd140ea1592f9d7a:2:{i:0;s:5:\"_csrf\";i:1;s:32:\"mYjgF4up9ltwcZ8jScTreHYgVloGAIXf\";}'
]

$_SESSION = [
    '__flash' => []
]

$_SERVER = [
    'PATH' => 'C:\\Windows\\system32;C:\\Windows;C:\\Windows\\System32\\Wbem;C:\\Windows\\System32\\WindowsPowerShell\\v1.0\\;C:\\Program Files\\Java\\jdk1.7.0_75\\bin;E:\\Visual-AMP-x64\\Bin\\PHP\\php-5.6.3-nts-Win32-VC11-x64;C:\\ProgramData\\ComposerSetup\\bin;'
    'SYSTEMROOT' => 'C:\\Windows'
    'COMSPEC' => 'C:\\Windows\\system32\\cmd.exe'
    'PATHEXT' => '.COM;.EXE;.BAT;.CMD;.VBS;.VBE;.JS;.JSE;.WSF;.WSH;.MSC'
    'WINDIR' => 'C:\\Windows'
    'PHP_FCGI_MAX_REQUESTS' => '1000'
    'PHPRC' => 'E:/Visual-AMP-x64/Bin/PHP/php-5.6.3-nts-Win32-VC11-x64'
    '_FCGI_SHUTDOWN_EVENT_' => '1080'
    'SCRIPT_NAME' => '/frontend/web/index.php'
    'REQUEST_URI' => '/frontend/web/index.php?r=site%2Fsignup'
    'QUERY_STRING' => 'r=site%2Fsignup'
    'REQUEST_METHOD' => 'POST'
    'SERVER_PROTOCOL' => 'HTTP/1.1'
    'GATEWAY_INTERFACE' => 'CGI/1.1'
    'REMOTE_PORT' => '56769'
    'SCRIPT_FILENAME' => 'E:/Visual-AMP-x64/www/blog/blog/frontend/web/index.php'
    'SERVER_ADMIN' => 'admin@example.com'
    'CONTEXT_DOCUMENT_ROOT' => 'E:/Visual-AMP-x64/www/blog/blog'
    'CONTEXT_PREFIX' => ''
    'REQUEST_SCHEME' => 'http'
    'DOCUMENT_ROOT' => 'E:/Visual-AMP-x64/www/blog/blog'
    'REMOTE_ADDR' => '127.0.0.1'
    'SERVER_PORT' => '80'
    'SERVER_ADDR' => '127.0.0.1'
    'SERVER_NAME' => 'www.legend.com'
    'SERVER_SOFTWARE' => 'Apache/2.4.10 (Win64) mod_fcgid/2.3.9'
    'SERVER_SIGNATURE' => ''
    'SystemRoot' => 'C:\\Windows'
    'HTTP_COOKIE' => 'PHPSESSID=u006pm8heumgsvrvc9oteqal32; _csrf=5799b1a4583b4ccb4f4a83bd17f8641e98054bb29f8e851ddfd140ea1592f9d7a%3A2%3A%7Bi%3A0%3Bs%3A5%3A%22_csrf%22%3Bi%3A1%3Bs%3A32%3A%22mYjgF4up9ltwcZ8jScTreHYgVloGAIXf%22%3B%7D'
    'HTTP_ACCEPT_LANGUAGE' => 'zh-CN,zh;q=0.8'
    'HTTP_ACCEPT_ENCODING' => 'gzip,deflate,sdch'
    'HTTP_REFERER' => 'http://www.legend.com/frontend/web/index.php?r=site%2Fsignup'
    'CONTENT_TYPE' => 'application/x-www-form-urlencoded'
    'HTTP_USER_AGENT' => 'Mozilla/5.0 (Windows NT 6.1; WOW64) AppleWebKit/537.36 (KHTML, like Gecko) Chrome/31.0.1650.63 Safari/537.36'
    'HTTP_ORIGIN' => 'http://www.legend.com'
    'HTTP_ACCEPT' => 'text/html,application/xhtml+xml,application/xml;q=0.9,image/webp,*/*;q=0.8'
    'HTTP_CACHE_CONTROL' => 'max-age=0'
    'CONTENT_LENGTH' => '186'
    'HTTP_CONNECTION' => 'close'
    'HTTP_HOST' => 'www.legend.com'
    'FCGI_ROLE' => 'RESPONDER'
    'PHP_SELF' => '/frontend/web/index.php'
    'REQUEST_TIME_FLOAT' => 1429445161.4783
    'REQUEST_TIME' => 1429445161
]
2015-04-19 12:06:42 [127.0.0.1][-][-][error][yii\db\Exception] exception 'PDOException' with message 'SQLSTATE[42S02]: Base table or view not found: 1146 Table 'blog.user' doesn't exist' in E:\Visual-AMP-x64\www\blog\blog\vendor\yiisoft\yii2\db\Command.php:822
Stack trace:
#0 E:\Visual-AMP-x64\www\blog\blog\vendor\yiisoft\yii2\db\Command.php(822): PDOStatement->execute()
#1 E:\Visual-AMP-x64\www\blog\blog\vendor\yiisoft\yii2\db\Command.php(376): yii\db\Command->queryInternal('fetchColumn', 0)
#2 E:\Visual-AMP-x64\www\blog\blog\vendor\yiisoft\yii2\db\Query.php(348): yii\db\Command->queryScalar()
#3 E:\Visual-AMP-x64\www\blog\blog\vendor\yiisoft\yii2\validators\UniqueValidator.php(111): yii\db\Query->exists()
#4 E:\Visual-AMP-x64\www\blog\blog\vendor\yiisoft\yii2\validators\Validator.php(238): yii\validators\UniqueValidator->validateAttribute(Object(frontend\models\SignupForm), 'username')
#5 E:\Visual-AMP-x64\www\blog\blog\vendor\yiisoft\yii2\base\Model.php(333): yii\validators\Validator->validateAttributes(Object(frontend\models\SignupForm), Array)
#6 E:\Visual-AMP-x64\www\blog\blog\frontend\models\SignupForm.php(45): yii\base\Model->validate()
#7 E:\Visual-AMP-x64\www\blog\blog\frontend\controllers\SiteController.php(123): frontend\models\SignupForm->signup()
#8 [internal function]: frontend\controllers\SiteController->actionSignup()
#9 E:\Visual-AMP-x64\www\blog\blog\vendor\yiisoft\yii2\base\InlineAction.php(55): call_user_func_array(Array, Array)
#10 E:\Visual-AMP-x64\www\blog\blog\vendor\yiisoft\yii2\base\Controller.php(151): yii\base\InlineAction->runWithParams(Array)
#11 E:\Visual-AMP-x64\www\blog\blog\vendor\yiisoft\yii2\base\Module.php(455): yii\base\Controller->runAction('signup', Array)
#12 E:\Visual-AMP-x64\www\blog\blog\vendor\yiisoft\yii2\web\Application.php(83): yii\base\Module->runAction('site/signup', Array)
#13 E:\Visual-AMP-x64\www\blog\blog\vendor\yiisoft\yii2\base\Application.php(375): yii\web\Application->handleRequest(Object(yii\web\Request))
#14 E:\Visual-AMP-x64\www\blog\blog\frontend\web\index.php(18): yii\base\Application->run()
#15 {main}

Next exception 'yii\db\Exception' with message 'SQLSTATE[42S02]: Base table or view not found: 1146 Table 'blog.user' doesn't exist
The SQL being executed was: SELECT 1 FROM `user` WHERE `username`='zdjx'' in E:\Visual-AMP-x64\www\blog\blog\vendor\yiisoft\yii2\db\Schema.php:534
Stack trace:
#0 E:\Visual-AMP-x64\www\blog\blog\vendor\yiisoft\yii2\db\Command.php(837): yii\db\Schema->convertException(Object(PDOException), 'SELECT 1 FROM `...')
#1 E:\Visual-AMP-x64\www\blog\blog\vendor\yiisoft\yii2\db\Command.php(376): yii\db\Command->queryInternal('fetchColumn', 0)
#2 E:\Visual-AMP-x64\www\blog\blog\vendor\yiisoft\yii2\db\Query.php(348): yii\db\Command->queryScalar()
#3 E:\Visual-AMP-x64\www\blog\blog\vendor\yiisoft\yii2\validators\UniqueValidator.php(111): yii\db\Query->exists()
#4 E:\Visual-AMP-x64\www\blog\blog\vendor\yiisoft\yii2\validators\Validator.php(238): yii\validators\UniqueValidator->validateAttribute(Object(frontend\models\SignupForm), 'username')
#5 E:\Visual-AMP-x64\www\blog\blog\vendor\yiisoft\yii2\base\Model.php(333): yii\validators\Validator->validateAttributes(Object(frontend\models\SignupForm), Array)
#6 E:\Visual-AMP-x64\www\blog\blog\frontend\models\SignupForm.php(45): yii\base\Model->validate()
#7 E:\Visual-AMP-x64\www\blog\blog\frontend\controllers\SiteController.php(123): frontend\models\SignupForm->signup()
#8 [internal function]: frontend\controllers\SiteController->actionSignup()
#9 E:\Visual-AMP-x64\www\blog\blog\vendor\yiisoft\yii2\base\InlineAction.php(55): call_user_func_array(Array, Array)
#10 E:\Visual-AMP-x64\www\blog\blog\vendor\yiisoft\yii2\base\Controller.php(151): yii\base\InlineAction->runWithParams(Array)
#11 E:\Visual-AMP-x64\www\blog\blog\vendor\yiisoft\yii2\base\Module.php(455): yii\base\Controller->runAction('signup', Array)
#12 E:\Visual-AMP-x64\www\blog\blog\vendor\yiisoft\yii2\web\Application.php(83): yii\base\Module->runAction('site/signup', Array)
#13 E:\Visual-AMP-x64\www\blog\blog\vendor\yiisoft\yii2\base\Application.php(375): yii\web\Application->handleRequest(Object(yii\web\Request))
#14 E:\Visual-AMP-x64\www\blog\blog\frontend\web\index.php(18): yii\base\Application->run()
#15 {main}
Additional Information:
Array
(
    [0] => 42S02
    [1] => 1146
    [2] => Table 'blog.user' doesn't exist
)

2015-04-19 12:06:41 [127.0.0.1][-][-][info][application] $_GET = [
    'r' => 'site/signup'
]

$_POST = [
    '_csrf' => 'QkVPV3p1UUwvHCUwPEEkPHspOyAZL2kmESYbJR89CCsUKSAQOzwJKg=='
    'SignupForm' => [
        'username' => 'zdjx'
        'email' => '912056724@qq.com'
        'password' => 'ivanhan'
    ]
    'signup-button' => ''
]

$_COOKIE = [
    'PHPSESSID' => 'u006pm8heumgsvrvc9oteqal32'
    '_csrf' => '5799b1a4583b4ccb4f4a83bd17f8641e98054bb29f8e851ddfd140ea1592f9d7a:2:{i:0;s:5:\"_csrf\";i:1;s:32:\"mYjgF4up9ltwcZ8jScTreHYgVloGAIXf\";}'
]

$_SESSION = [
    '__flash' => []
]

$_SERVER = [
    'PATH' => 'C:\\Windows\\system32;C:\\Windows;C:\\Windows\\System32\\Wbem;C:\\Windows\\System32\\WindowsPowerShell\\v1.0\\;C:\\Program Files\\Java\\jdk1.7.0_75\\bin;E:\\Visual-AMP-x64\\Bin\\PHP\\php-5.6.3-nts-Win32-VC11-x64;C:\\ProgramData\\ComposerSetup\\bin;'
    'SYSTEMROOT' => 'C:\\Windows'
    'COMSPEC' => 'C:\\Windows\\system32\\cmd.exe'
    'PATHEXT' => '.COM;.EXE;.BAT;.CMD;.VBS;.VBE;.JS;.JSE;.WSF;.WSH;.MSC'
    'WINDIR' => 'C:\\Windows'
    'PHP_FCGI_MAX_REQUESTS' => '1000'
    'PHPRC' => 'E:/Visual-AMP-x64/Bin/PHP/php-5.6.3-nts-Win32-VC11-x64'
    '_FCGI_SHUTDOWN_EVENT_' => '1080'
    'SCRIPT_NAME' => '/frontend/web/index.php'
    'REQUEST_URI' => '/frontend/web/index.php?r=site%2Fsignup'
    'QUERY_STRING' => 'r=site%2Fsignup'
    'REQUEST_METHOD' => 'POST'
    'SERVER_PROTOCOL' => 'HTTP/1.1'
    'GATEWAY_INTERFACE' => 'CGI/1.1'
    'REMOTE_PORT' => '56872'
    'SCRIPT_FILENAME' => 'E:/Visual-AMP-x64/www/blog/blog/frontend/web/index.php'
    'SERVER_ADMIN' => 'admin@example.com'
    'CONTEXT_DOCUMENT_ROOT' => 'E:/Visual-AMP-x64/www/blog/blog'
    'CONTEXT_PREFIX' => ''
    'REQUEST_SCHEME' => 'http'
    'DOCUMENT_ROOT' => 'E:/Visual-AMP-x64/www/blog/blog'
    'REMOTE_ADDR' => '127.0.0.1'
    'SERVER_PORT' => '80'
    'SERVER_ADDR' => '127.0.0.1'
    'SERVER_NAME' => 'www.legend.com'
    'SERVER_SOFTWARE' => 'Apache/2.4.10 (Win64) mod_fcgid/2.3.9'
    'SERVER_SIGNATURE' => ''
    'SystemRoot' => 'C:\\Windows'
    'HTTP_COOKIE' => 'PHPSESSID=u006pm8heumgsvrvc9oteqal32; _csrf=5799b1a4583b4ccb4f4a83bd17f8641e98054bb29f8e851ddfd140ea1592f9d7a%3A2%3A%7Bi%3A0%3Bs%3A5%3A%22_csrf%22%3Bi%3A1%3Bs%3A32%3A%22mYjgF4up9ltwcZ8jScTreHYgVloGAIXf%22%3B%7D'
    'HTTP_ACCEPT_LANGUAGE' => 'zh-CN,zh;q=0.8'
    'HTTP_ACCEPT_ENCODING' => 'gzip,deflate,sdch'
    'HTTP_REFERER' => 'http://www.legend.com/frontend/web/index.php?r=site%2Fsignup'
    'CONTENT_TYPE' => 'application/x-www-form-urlencoded'
    'HTTP_USER_AGENT' => 'Mozilla/5.0 (Windows NT 6.1; WOW64) AppleWebKit/537.36 (KHTML, like Gecko) Chrome/31.0.1650.63 Safari/537.36'
    'HTTP_ORIGIN' => 'http://www.legend.com'
    'HTTP_ACCEPT' => 'text/html,application/xhtml+xml,application/xml;q=0.9,image/webp,*/*;q=0.8'
    'HTTP_CACHE_CONTROL' => 'max-age=0'
    'CONTENT_LENGTH' => '185'
    'HTTP_CONNECTION' => 'close'
    'HTTP_HOST' => 'www.legend.com'
    'FCGI_ROLE' => 'RESPONDER'
    'PHP_SELF' => '/frontend/web/index.php'
    'REQUEST_TIME_FLOAT' => 1429445201.2966
    'REQUEST_TIME' => 1429445201
]
2015-04-19 12:39:57 [::1][-][-][error][yii\base\UnknownPropertyException] exception 'yii\base\UnknownPropertyException' with message 'Setting unknown property: common\models\User::password_hash' in E:\Visual-AMP-x64\www\blog\blog\vendor\yiisoft\yii2\base\Component.php:197
Stack trace:
#0 E:\Visual-AMP-x64\www\blog\blog\vendor\yiisoft\yii2\db\BaseActiveRecord.php(266): yii\base\Component->__set('password_hash', '$2y$13$.AHkNyIo...')
#1 E:\Visual-AMP-x64\www\blog\blog\common\models\User.php(162): yii\db\BaseActiveRecord->__set('password_hash', '$2y$13$.AHkNyIo...')
#2 E:\Visual-AMP-x64\www\blog\blog\frontend\models\SignupForm.php(49): common\models\User->setPassword('ivanhan')
#3 E:\Visual-AMP-x64\www\blog\blog\frontend\controllers\SiteController.php(123): frontend\models\SignupForm->signup()
#4 [internal function]: frontend\controllers\SiteController->actionSignup()
#5 E:\Visual-AMP-x64\www\blog\blog\vendor\yiisoft\yii2\base\InlineAction.php(55): call_user_func_array(Array, Array)
#6 E:\Visual-AMP-x64\www\blog\blog\vendor\yiisoft\yii2\base\Controller.php(151): yii\base\InlineAction->runWithParams(Array)
#7 E:\Visual-AMP-x64\www\blog\blog\vendor\yiisoft\yii2\base\Module.php(455): yii\base\Controller->runAction('signup', Array)
#8 E:\Visual-AMP-x64\www\blog\blog\vendor\yiisoft\yii2\web\Application.php(83): yii\base\Module->runAction('site/signup', Array)
#9 E:\Visual-AMP-x64\www\blog\blog\vendor\yiisoft\yii2\base\Application.php(375): yii\web\Application->handleRequest(Object(yii\web\Request))
#10 E:\Visual-AMP-x64\www\blog\blog\frontend\web\index.php(18): yii\base\Application->run()
#11 {main}
2015-04-19 12:39:54 [::1][-][-][info][application] $_GET = [
    'r' => 'site/signup'
]

$_POST = [
    '_csrf' => 'NXNtYmp1UWZPC1oHBwYrD3c2XxMrPWAwTEc8GiUtJT4NHSonXQMGMw=='
    'SignupForm' => [
        'username' => 'zdjx'
        'email' => 'zdjx@qq.com'
        'password' => 'ivanhan'
    ]
    'signup-button' => ''
]

$_COOKIE = [
    'PHPSESSID' => 'f9v6hmpji7v8q3vcs5j3mnelg6'
    '_csrf' => '32b67468e736ace02142144e79a410c946e3afd8dcea94dc92d65996b007e0e8a:2:{i:0;s:5:\"_csrf\";i:1;s:32:\"zx7emsziBE2qAH1Vy4QxOXtX8nGE7vWU\";}'
]

$_SESSION = [
    '__flash' => []
]

$_SERVER = [
    'PATH' => 'C:\\Windows\\system32;C:\\Windows;C:\\Windows\\System32\\Wbem;C:\\Windows\\System32\\WindowsPowerShell\\v1.0\\;C:\\Program Files\\Java\\jdk1.7.0_75\\bin;E:\\Visual-AMP-x64\\Bin\\PHP\\php-5.6.3-nts-Win32-VC11-x64;C:\\ProgramData\\ComposerSetup\\bin;'
    'SYSTEMROOT' => 'C:\\Windows'
    'COMSPEC' => 'C:\\Windows\\system32\\cmd.exe'
    'PATHEXT' => '.COM;.EXE;.BAT;.CMD;.VBS;.VBE;.JS;.JSE;.WSF;.WSH;.MSC'
    'WINDIR' => 'C:\\Windows'
    'PHP_FCGI_MAX_REQUESTS' => '1000'
    'PHPRC' => 'E:/Visual-AMP-x64/Bin/PHP/php-5.6.3-nts-Win32-VC11-x64'
    '_FCGI_SHUTDOWN_EVENT_' => '1080'
    'SCRIPT_NAME' => '/frontend/web/index.php'
    'REQUEST_URI' => '/frontend/web/index.php?r=site%2Fsignup'
    'QUERY_STRING' => 'r=site%2Fsignup'
    'REQUEST_METHOD' => 'POST'
    'SERVER_PROTOCOL' => 'HTTP/1.1'
    'GATEWAY_INTERFACE' => 'CGI/1.1'
    'REMOTE_PORT' => '50472'
    'SCRIPT_FILENAME' => 'E:/Visual-AMP-x64/www/blog/blog/frontend/web/index.php'
    'SERVER_ADMIN' => 'admin@example.com'
    'CONTEXT_DOCUMENT_ROOT' => 'E:/Visual-AMP-x64/www/blog/blog'
    'CONTEXT_PREFIX' => ''
    'REQUEST_SCHEME' => 'http'
    'DOCUMENT_ROOT' => 'E:/Visual-AMP-x64/www/blog/blog'
    'REMOTE_ADDR' => '::1'
    'SERVER_PORT' => '80'
    'SERVER_ADDR' => '::1'
    'SERVER_NAME' => 'localhost'
    'SERVER_SOFTWARE' => 'Apache/2.4.10 (Win64) mod_fcgid/2.3.9'
    'SERVER_SIGNATURE' => ''
    'SystemRoot' => 'C:\\Windows'
    'HTTP_COOKIE' => 'PHPSESSID=f9v6hmpji7v8q3vcs5j3mnelg6; _csrf=32b67468e736ace02142144e79a410c946e3afd8dcea94dc92d65996b007e0e8a%3A2%3A%7Bi%3A0%3Bs%3A5%3A%22_csrf%22%3Bi%3A1%3Bs%3A32%3A%22zx7emsziBE2qAH1Vy4QxOXtX8nGE7vWU%22%3B%7D'
    'HTTP_ACCEPT_LANGUAGE' => 'zh-CN,zh;q=0.8'
    'HTTP_ACCEPT_ENCODING' => 'gzip,deflate,sdch'
    'HTTP_REFERER' => 'http://localhost/frontend/web/index.php?r=site%2Fsignup'
    'CONTENT_TYPE' => 'application/x-www-form-urlencoded'
    'HTTP_USER_AGENT' => 'Mozilla/5.0 (Windows NT 6.1; WOW64) AppleWebKit/537.36 (KHTML, like Gecko) Chrome/31.0.1650.63 Safari/537.36'
    'HTTP_ORIGIN' => 'http://localhost'
    'HTTP_ACCEPT' => 'text/html,application/xhtml+xml,application/xml;q=0.9,image/webp,*/*;q=0.8'
    'HTTP_CACHE_CONTROL' => 'max-age=0'
    'CONTENT_LENGTH' => '180'
    'HTTP_CONNECTION' => 'close'
    'HTTP_HOST' => 'localhost'
    'FCGI_ROLE' => 'RESPONDER'
    'PHP_SELF' => '/frontend/web/index.php'
    'REQUEST_TIME_FLOAT' => 1429447194.8436
    'REQUEST_TIME' => 1429447194
]
2015-05-12 07:21:03 [127.0.0.1][3][-][error][yii\web\HttpException:404] exception 'yii\base\InvalidRouteException' with message 'Unable to resolve the request "user".' in E:\Visual-AMP-x64\www\blog\blog\vendor\yiisoft\yii2\base\Module.php:461
Stack trace:
#0 E:\Visual-AMP-x64\www\blog\blog\vendor\yiisoft\yii2\web\Application.php(83): yii\base\Module->runAction('user', Array)
#1 E:\Visual-AMP-x64\www\blog\blog\vendor\yiisoft\yii2\base\Application.php(375): yii\web\Application->handleRequest(Object(yii\web\Request))
#2 E:\Visual-AMP-x64\www\blog\blog\frontend\web\index.php(18): yii\base\Application->run()
#3 {main}

Next exception 'yii\web\NotFoundHttpException' with message 'Page not found.' in E:\Visual-AMP-x64\www\blog\blog\vendor\yiisoft\yii2\web\Application.php:95
Stack trace:
#0 E:\Visual-AMP-x64\www\blog\blog\vendor\yiisoft\yii2\base\Application.php(375): yii\web\Application->handleRequest(Object(yii\web\Request))
#1 E:\Visual-AMP-x64\www\blog\blog\frontend\web\index.php(18): yii\base\Application->run()
#2 {main}
2015-05-12 07:21:03 [127.0.0.1][3][-][info][application] $_GET = [
    'r' => 'user'
]

$_COOKIE = [
    '_csrf' => '9b64992f8f8fb559d196fae1c2f3d2334e20a5273ff07da17ae489dbb1aedc34a:2:{i:0;s:5:\"_csrf\";i:1;s:32:\"83W2EJ-oxw3o79oF0_LzBDJYsbwZYdwV\";}'
    'PHPSESSID' => 'c1kknhhmscvs9qh1gntr4gffj0'
]

$_SESSION = [
    '__flash' => []
    '__id' => 3
    '__returnUrl' => '/backend/web/index.php'
]

$_SERVER = [
    'PATH' => 'C:\\Windows\\system32;C:\\Windows;C:\\Windows\\System32\\Wbem;C:\\Windows\\System32\\WindowsPowerShell\\v1.0\\;C:\\Program Files\\Java\\jdk1.7.0_75\\bin;E:\\Visual-AMP-x64\\Bin\\PHP\\php-5.6.3-nts-Win32-VC11-x64;E:\\Visual-AMP-x64\\Bin\\MySQL\\bin;C:\\ProgramData\\ComposerSetup\\bin;D:\\Program Files (x86)\\TortoiseGit\\bin;'
    'SYSTEMROOT' => 'C:\\Windows'
    'COMSPEC' => 'C:\\Windows\\system32\\cmd.exe'
    'PATHEXT' => '.COM;.EXE;.BAT;.CMD;.VBS;.VBE;.JS;.JSE;.WSF;.WSH;.MSC'
    'WINDIR' => 'C:\\Windows'
    'PHP_FCGI_MAX_REQUESTS' => '1000'
    'PHPRC' => 'E:/Visual-AMP-x64/Bin/PHP/php-5.6.3-nts-Win32-VC11-x64'
    '_FCGI_SHUTDOWN_EVENT_' => '1168'
    'SCRIPT_NAME' => '/frontend/web/index.php'
    'REQUEST_URI' => '/frontend/web/index.php?r=user'
    'QUERY_STRING' => 'r=user'
    'REQUEST_METHOD' => 'GET'
    'SERVER_PROTOCOL' => 'HTTP/1.1'
    'GATEWAY_INTERFACE' => 'CGI/1.1'
    'REMOTE_PORT' => '50859'
    'SCRIPT_FILENAME' => 'E:/Visual-AMP-x64/www/blog/blog/frontend/web/index.php'
    'SERVER_ADMIN' => 'admin@example.com'
    'CONTEXT_DOCUMENT_ROOT' => 'E:/Visual-AMP-x64/www/blog/blog'
    'CONTEXT_PREFIX' => ''
    'REQUEST_SCHEME' => 'http'
    'DOCUMENT_ROOT' => 'E:/Visual-AMP-x64/www/blog/blog'
    'REMOTE_ADDR' => '127.0.0.1'
    'SERVER_PORT' => '80'
    'SERVER_ADDR' => '127.0.0.1'
    'SERVER_NAME' => 'www.legend.com'
    'SERVER_SOFTWARE' => 'Apache/2.4.10 (Win64) mod_fcgid/2.3.9'
    'SERVER_SIGNATURE' => ''
    'SystemRoot' => 'C:\\Windows'
    'HTTP_COOKIE' => '_csrf=9b64992f8f8fb559d196fae1c2f3d2334e20a5273ff07da17ae489dbb1aedc34a%3A2%3A%7Bi%3A0%3Bs%3A5%3A%22_csrf%22%3Bi%3A1%3Bs%3A32%3A%2283W2EJ-oxw3o79oF0_LzBDJYsbwZYdwV%22%3B%7D; PHPSESSID=c1kknhhmscvs9qh1gntr4gffj0'
    'HTTP_ACCEPT_LANGUAGE' => 'zh-CN,zh;q=0.8,en;q=0.6'
    'HTTP_ACCEPT_ENCODING' => 'gzip, deflate, sdch'
    'HTTP_USER_AGENT' => 'Mozilla/5.0 (Windows NT 6.1; WOW64) AppleWebKit/537.36 (KHTML, like Gecko) Chrome/44.0.2391.0 Safari/537.36'
    'HTTP_ACCEPT' => 'text/html,application/xhtml+xml,application/xml;q=0.9,image/webp,*/*;q=0.8'
    'HTTP_CONNECTION' => 'close'
    'HTTP_HOST' => 'www.legend.com'
    'FCGI_ROLE' => 'RESPONDER'
    'PHP_SELF' => '/frontend/web/index.php'
    'REQUEST_TIME_FLOAT' => 1431415263.1322
    'REQUEST_TIME' => 1431415263
]
2015-05-12 09:45:46 [127.0.0.1][5][-][error][yii\web\HttpException:405] exception 'yii\web\MethodNotAllowedHttpException' with message 'Method Not Allowed. This url can only handle the following request methods: POST.' in E:\Visual-AMP-x64\www\blog\blog\vendor\yiisoft\yii2\filters\VerbFilter.php:105
Stack trace:
#0 [internal function]: yii\filters\VerbFilter->beforeAction(Object(yii\base\ActionEvent))
#1 E:\Visual-AMP-x64\www\blog\blog\vendor\yiisoft\yii2\base\Component.php(538): call_user_func(Array, Object(yii\base\ActionEvent))
#2 E:\Visual-AMP-x64\www\blog\blog\vendor\yiisoft\yii2\base\Controller.php(259): yii\base\Component->trigger('beforeAction', Object(yii\base\ActionEvent))
#3 E:\Visual-AMP-x64\www\blog\blog\vendor\yiisoft\yii2\web\Controller.php(108): yii\base\Controller->beforeAction(Object(yii\base\InlineAction))
#4 E:\Visual-AMP-x64\www\blog\blog\vendor\yiisoft\yii2\base\Controller.php(149): yii\web\Controller->beforeAction(Object(yii\base\InlineAction))
#5 E:\Visual-AMP-x64\www\blog\blog\vendor\yiisoft\yii2\base\Module.php(455): yii\base\Controller->runAction('logout', Array)
#6 E:\Visual-AMP-x64\www\blog\blog\vendor\yiisoft\yii2\web\Application.php(83): yii\base\Module->runAction('site/logout', Array)
#7 E:\Visual-AMP-x64\www\blog\blog\vendor\yiisoft\yii2\base\Application.php(375): yii\web\Application->handleRequest(Object(yii\web\Request))
#8 E:\Visual-AMP-x64\www\blog\blog\frontend\web\index.php(18): yii\base\Application->run()
#9 {main}
2015-05-12 09:45:45 [127.0.0.1][5][-][info][application] $_GET = [
    'r' => 'site/logout'
]

$_COOKIE = [
    '_csrf' => '30983711e983c9564498c4fd06d989f1a0c8a1218fe120efd303bcd292c5075ca:2:{i:0;s:5:\"_csrf\";i:1;s:32:\"q8gszfbg5CJLz5oLdlT3pKjfRynkQOKn\";}'
    '_identity' => '0bc78649b97a20fc3291c635830a900e7bb4431c7b46b1780af87a2ee37a6d71a:2:{i:0;s:9:\"_identity\";i:1;s:46:\"[5,\"pAB6OttHy8nkPelPCNqclYnZlOHUhKm8\",2592000]\";}'
    'PHPSESSID' => 'gna4btamvtul1dsiqo93hut782'
]

$_SESSION = [
    '__flash' => []
    '__returnUrl' => '/frontend/web/index.php?r=site%2Flogout'
    '__id' => 5
]

$_SERVER = [
    'PATH' => 'C:\\Windows\\system32;C:\\Windows;C:\\Windows\\System32\\Wbem;C:\\Windows\\System32\\WindowsPowerShell\\v1.0\\;C:\\Program Files\\Java\\jdk1.7.0_75\\bin;E:\\Visual-AMP-x64\\Bin\\PHP\\php-5.6.3-nts-Win32-VC11-x64;E:\\Visual-AMP-x64\\Bin\\MySQL\\bin;C:\\ProgramData\\ComposerSetup\\bin;D:\\Program Files (x86)\\TortoiseGit\\bin;'
    'SYSTEMROOT' => 'C:\\Windows'
    'COMSPEC' => 'C:\\Windows\\system32\\cmd.exe'
    'PATHEXT' => '.COM;.EXE;.BAT;.CMD;.VBS;.VBE;.JS;.JSE;.WSF;.WSH;.MSC'
    'WINDIR' => 'C:\\Windows'
    'PHP_FCGI_MAX_REQUESTS' => '1000'
    'PHPRC' => 'E:/Visual-AMP-x64/Bin/PHP/php-5.6.3-nts-Win32-VC11-x64'
    '_FCGI_SHUTDOWN_EVENT_' => '1152'
    'SCRIPT_NAME' => '/frontend/web/index.php'
    'REQUEST_URI' => '/frontend/web/index.php?r=site%2Flogout'
    'QUERY_STRING' => 'r=site%2Flogout'
    'REQUEST_METHOD' => 'GET'
    'SERVER_PROTOCOL' => 'HTTP/1.1'
    'GATEWAY_INTERFACE' => 'CGI/1.1'
    'REMOTE_PORT' => '54898'
    'SCRIPT_FILENAME' => 'E:/Visual-AMP-x64/www/blog/blog/frontend/web/index.php'
    'SERVER_ADMIN' => 'admin@example.com'
    'CONTEXT_DOCUMENT_ROOT' => 'E:/Visual-AMP-x64/www/blog/blog'
    'CONTEXT_PREFIX' => ''
    'REQUEST_SCHEME' => 'http'
    'DOCUMENT_ROOT' => 'E:/Visual-AMP-x64/www/blog/blog'
    'REMOTE_ADDR' => '127.0.0.1'
    'SERVER_PORT' => '80'
    'SERVER_ADDR' => '127.0.0.1'
    'SERVER_NAME' => 'www.legend.com'
    'SERVER_SOFTWARE' => 'Apache/2.4.10 (Win64) mod_fcgid/2.3.9'
    'SERVER_SIGNATURE' => ''
    'SystemRoot' => 'C:\\Windows'
    'HTTP_COOKIE' => '_csrf=30983711e983c9564498c4fd06d989f1a0c8a1218fe120efd303bcd292c5075ca%3A2%3A%7Bi%3A0%3Bs%3A5%3A%22_csrf%22%3Bi%3A1%3Bs%3A32%3A%22q8gszfbg5CJLz5oLdlT3pKjfRynkQOKn%22%3B%7D; _identity=0bc78649b97a20fc3291c635830a900e7bb4431c7b46b1780af87a2ee37a6d71a%3A2%3A%7Bi%3A0%3Bs%3A9%3A%22_identity%22%3Bi%3A1%3Bs%3A46%3A%22%5B5%2C%22pAB6OttHy8nkPelPCNqclYnZlOHUhKm8%22%2C2592000%5D%22%3B%7D; PHPSESSID=gna4btamvtul1dsiqo93hut782'
    'HTTP_ACCEPT_LANGUAGE' => 'zh-CN,zh;q=0.8,en;q=0.6'
    'HTTP_ACCEPT_ENCODING' => 'gzip, deflate, sdch'
    'HTTP_REFERER' => 'http://www.legend.com/backend/web/index.php?r=site%2Flogin'
    'HTTP_USER_AGENT' => 'Mozilla/5.0 (Windows NT 6.1; WOW64) AppleWebKit/537.36 (KHTML, like Gecko) Chrome/44.0.2391.0 Safari/537.36'
    'HTTP_ACCEPT' => 'text/html,application/xhtml+xml,application/xml;q=0.9,image/webp,*/*;q=0.8'
    'HTTP_CACHE_CONTROL' => 'max-age=0'
    'HTTP_CONNECTION' => 'close'
    'HTTP_HOST' => 'www.legend.com'
    'FCGI_ROLE' => 'RESPONDER'
    'PHP_SELF' => '/frontend/web/index.php'
    'REQUEST_TIME_FLOAT' => 1431423945.9885
    'REQUEST_TIME' => 1431423945
]
2015-05-14 08:23:10 [127.0.0.1][-][-][error][yii\web\HttpException:400] exception 'yii\web\BadRequestHttpException' with message 'Unable to verify your data submission.' in E:\Visual-AMP-x64\www\blog\blog\vendor\yiisoft\yii2\web\Controller.php:110
Stack trace:
#0 E:\Visual-AMP-x64\www\blog\blog\vendor\yiisoft\yii2\base\Controller.php(149): yii\web\Controller->beforeAction(Object(yii\base\InlineAction))
#1 E:\Visual-AMP-x64\www\blog\blog\vendor\yiisoft\yii2\base\Module.php(455): yii\base\Controller->runAction('login', Array)
#2 E:\Visual-AMP-x64\www\blog\blog\vendor\yiisoft\yii2\web\Application.php(83): yii\base\Module->runAction('site/login', Array)
#3 E:\Visual-AMP-x64\www\blog\blog\vendor\yiisoft\yii2\base\Application.php(375): yii\web\Application->handleRequest(Object(yii\web\Request))
#4 E:\Visual-AMP-x64\www\blog\blog\frontend\web\index.php(18): yii\base\Application->run()
#5 {main}
2015-05-14 08:23:10 [127.0.0.1][-][-][info][application] $_GET = [
    'r' => 'site/login'
]

$_POST = [
    '_csrf' => 'd04wblB1VC4EB2k7M0UhTzB.fik.QwBkPiNaPzFNAlQdKgAcKBMkdw=='
    'LoginForm' => [
        'username' => 'frontend'
        'password' => 'ivanhan'
        'rememberMe' => '1'
    ]
    'login-button' => ''
]

$_COOKIE = [
    '_csrf' => '2599d93a415ae979b96df44710f4839b77c83ff55c317ca7b85cf4366b32330ca:2:{i:0;s:5:\"_csrf\";i:1;s:32:\"k7BEfSSwNl8VwGxxR_gQGIzhSsuyanHJ\";}'
    'PHPSESSID' => 'qm68jpm72uric9vt5lc3cdjuk7'
]

$_SESSION = [
    '__flash' => []
    '__returnUrl' => '/frontend/web/index.php?r=site%2Flogout'
]

$_SERVER = [
    'PATH' => 'C:\\Windows\\system32;C:\\Windows;C:\\Windows\\System32\\Wbem;C:\\Windows\\System32\\WindowsPowerShell\\v1.0\\;C:\\Program Files\\Java\\jdk1.7.0_75\\bin;E:\\Visual-AMP-x64\\Bin\\PHP\\php-5.6.3-nts-Win32-VC11-x64;E:\\Visual-AMP-x64\\Bin\\MySQL\\bin;C:\\ProgramData\\ComposerSetup\\bin;D:\\Program Files (x86)\\TortoiseGit\\bin;D:\\Program Files (x86)\\Git\\cmd;'
    'SYSTEMROOT' => 'C:\\Windows'
    'COMSPEC' => 'C:\\Windows\\system32\\cmd.exe'
    'PATHEXT' => '.COM;.EXE;.BAT;.CMD;.VBS;.VBE;.JS;.JSE;.WSF;.WSH;.MSC'
    'WINDIR' => 'C:\\Windows'
    'PHP_FCGI_MAX_REQUESTS' => '1000'
    'PHPRC' => 'E:/Visual-AMP-x64/Bin/PHP/php-5.6.3-nts-Win32-VC11-x64'
    '_FCGI_SHUTDOWN_EVENT_' => '1204'
    'SCRIPT_NAME' => '/frontend/web/index.php'
    'REQUEST_URI' => '/frontend/web/index.php?r=site%2Flogin'
    'QUERY_STRING' => 'r=site%2Flogin'
    'REQUEST_METHOD' => 'POST'
    'SERVER_PROTOCOL' => 'HTTP/1.1'
    'GATEWAY_INTERFACE' => 'CGI/1.1'
    'REMOTE_PORT' => '65517'
    'SCRIPT_FILENAME' => 'E:/Visual-AMP-x64/www/blog/blog/frontend/web/index.php'
    'SERVER_ADMIN' => 'admin@example.com'
    'CONTEXT_DOCUMENT_ROOT' => 'E:/Visual-AMP-x64/www/blog/blog'
    'CONTEXT_PREFIX' => ''
    'REQUEST_SCHEME' => 'http'
    'DOCUMENT_ROOT' => 'E:/Visual-AMP-x64/www/blog/blog'
    'REMOTE_ADDR' => '127.0.0.1'
    'SERVER_PORT' => '80'
    'SERVER_ADDR' => '127.0.0.1'
    'SERVER_NAME' => 'www.legend.com'
    'SERVER_SOFTWARE' => 'Apache/2.4.10 (Win64) mod_fcgid/2.3.9'
    'SERVER_SIGNATURE' => ''
    'SystemRoot' => 'C:\\Windows'
    'HTTP_COOKIE' => '_csrf=2599d93a415ae979b96df44710f4839b77c83ff55c317ca7b85cf4366b32330ca%3A2%3A%7Bi%3A0%3Bs%3A5%3A%22_csrf%22%3Bi%3A1%3Bs%3A32%3A%22k7BEfSSwNl8VwGxxR_gQGIzhSsuyanHJ%22%3B%7D; PHPSESSID=qm68jpm72uric9vt5lc3cdjuk7'
    'HTTP_ACCEPT_LANGUAGE' => 'zh-CN,zh;q=0.8,en;q=0.6'
    'HTTP_ACCEPT_ENCODING' => 'gzip, deflate'
    'HTTP_REFERER' => 'http://www.legend.com/frontend/web/index.php?r=site%2Flogin'
    'CONTENT_TYPE' => 'application/x-www-form-urlencoded'
    'HTTP_USER_AGENT' => 'Mozilla/5.0 (Windows NT 6.1; WOW64) AppleWebKit/537.36 (KHTML, like Gecko) Chrome/44.0.2391.0 Safari/537.36'
    'HTTP_ORIGIN' => 'http://www.legend.com'
    'HTTP_ACCEPT' => 'text/html,application/xhtml+xml,application/xml;q=0.9,image/webp,*/*;q=0.8'
    'HTTP_CACHE_CONTROL' => 'max-age=0'
    'CONTENT_LENGTH' => '201'
    'HTTP_CONNECTION' => 'close'
    'HTTP_HOST' => 'www.legend.com'
    'FCGI_ROLE' => 'RESPONDER'
    'PHP_SELF' => '/frontend/web/index.php'
    'REQUEST_TIME_FLOAT' => 1431591790.3801
    'REQUEST_TIME' => 1431591790
]
2015-05-14 08:23:22 [127.0.0.1][8][-][error][yii\web\HttpException:405] exception 'yii\web\MethodNotAllowedHttpException' with message 'Method Not Allowed. This url can only handle the following request methods: POST.' in E:\Visual-AMP-x64\www\blog\blog\vendor\yiisoft\yii2\filters\VerbFilter.php:105
Stack trace:
#0 [internal function]: yii\filters\VerbFilter->beforeAction(Object(yii\base\ActionEvent))
#1 E:\Visual-AMP-x64\www\blog\blog\vendor\yiisoft\yii2\base\Component.php(538): call_user_func(Array, Object(yii\base\ActionEvent))
#2 E:\Visual-AMP-x64\www\blog\blog\vendor\yiisoft\yii2\base\Controller.php(259): yii\base\Component->trigger('beforeAction', Object(yii\base\ActionEvent))
#3 E:\Visual-AMP-x64\www\blog\blog\vendor\yiisoft\yii2\web\Controller.php(108): yii\base\Controller->beforeAction(Object(yii\base\InlineAction))
#4 E:\Visual-AMP-x64\www\blog\blog\vendor\yiisoft\yii2\base\Controller.php(149): yii\web\Controller->beforeAction(Object(yii\base\InlineAction))
#5 E:\Visual-AMP-x64\www\blog\blog\vendor\yiisoft\yii2\base\Module.php(455): yii\base\Controller->runAction('logout', Array)
#6 E:\Visual-AMP-x64\www\blog\blog\vendor\yiisoft\yii2\web\Application.php(83): yii\base\Module->runAction('site/logout', Array)
#7 E:\Visual-AMP-x64\www\blog\blog\vendor\yiisoft\yii2\base\Application.php(375): yii\web\Application->handleRequest(Object(yii\web\Request))
#8 E:\Visual-AMP-x64\www\blog\blog\frontend\web\index.php(18): yii\base\Application->run()
#9 {main}
2015-05-14 08:23:22 [127.0.0.1][8][-][info][application] $_GET = [
    'r' => 'site/logout'
]

$_COOKIE = [
    '_csrf' => 'e1d16e5de36daa8d3cebd9f9f22d1e8c903f6dfcf3090397377d25aec1b8fd8ca:2:{i:0;s:5:\"_csrf\";i:1;s:32:\"jHIOWwIK65zrLYubtPTyL3wrpp8rByO1\";}'
    '_identity' => 'bc55a3262a322d49b5779fd75c8d679d4e25d4ef4d8ca8f40f30afac97ba403ca:2:{i:0;s:9:\"_identity\";i:1;s:46:\"[8,\"fKR-Wbs9m_-8R5Xblu2yWeNt_mAu2Ic-\",2592000]\";}'
    'PHPSESSID' => 'j3vs52kgmqf7mphs2t2m1th184'
]

$_SESSION = [
    '__flash' => []
    '__returnUrl' => '/frontend/web/index.php?r=site%2Flogout'
    '__id' => 8
]

$_SERVER = [
    'PATH' => 'C:\\Windows\\system32;C:\\Windows;C:\\Windows\\System32\\Wbem;C:\\Windows\\System32\\WindowsPowerShell\\v1.0\\;C:\\Program Files\\Java\\jdk1.7.0_75\\bin;E:\\Visual-AMP-x64\\Bin\\PHP\\php-5.6.3-nts-Win32-VC11-x64;E:\\Visual-AMP-x64\\Bin\\MySQL\\bin;C:\\ProgramData\\ComposerSetup\\bin;D:\\Program Files (x86)\\TortoiseGit\\bin;D:\\Program Files (x86)\\Git\\cmd;'
    'SYSTEMROOT' => 'C:\\Windows'
    'COMSPEC' => 'C:\\Windows\\system32\\cmd.exe'
    'PATHEXT' => '.COM;.EXE;.BAT;.CMD;.VBS;.VBE;.JS;.JSE;.WSF;.WSH;.MSC'
    'WINDIR' => 'C:\\Windows'
    'PHP_FCGI_MAX_REQUESTS' => '1000'
    'PHPRC' => 'E:/Visual-AMP-x64/Bin/PHP/php-5.6.3-nts-Win32-VC11-x64'
    '_FCGI_SHUTDOWN_EVENT_' => '1204'
    'SCRIPT_NAME' => '/frontend/web/index.php'
    'REQUEST_URI' => '/frontend/web/index.php?r=site%2Flogout'
    'QUERY_STRING' => 'r=site%2Flogout'
    'REQUEST_METHOD' => 'GET'
    'SERVER_PROTOCOL' => 'HTTP/1.1'
    'GATEWAY_INTERFACE' => 'CGI/1.1'
    'REMOTE_PORT' => '49161'
    'SCRIPT_FILENAME' => 'E:/Visual-AMP-x64/www/blog/blog/frontend/web/index.php'
    'SERVER_ADMIN' => 'admin@example.com'
    'CONTEXT_DOCUMENT_ROOT' => 'E:/Visual-AMP-x64/www/blog/blog'
    'CONTEXT_PREFIX' => ''
    'REQUEST_SCHEME' => 'http'
    'DOCUMENT_ROOT' => 'E:/Visual-AMP-x64/www/blog/blog'
    'REMOTE_ADDR' => '127.0.0.1'
    'SERVER_PORT' => '80'
    'SERVER_ADDR' => '127.0.0.1'
    'SERVER_NAME' => 'www.legend.com'
    'SERVER_SOFTWARE' => 'Apache/2.4.10 (Win64) mod_fcgid/2.3.9'
    'SERVER_SIGNATURE' => ''
    'SystemRoot' => 'C:\\Windows'
    'HTTP_COOKIE' => '_csrf=e1d16e5de36daa8d3cebd9f9f22d1e8c903f6dfcf3090397377d25aec1b8fd8ca%3A2%3A%7Bi%3A0%3Bs%3A5%3A%22_csrf%22%3Bi%3A1%3Bs%3A32%3A%22jHIOWwIK65zrLYubtPTyL3wrpp8rByO1%22%3B%7D; _identity=bc55a3262a322d49b5779fd75c8d679d4e25d4ef4d8ca8f40f30afac97ba403ca%3A2%3A%7Bi%3A0%3Bs%3A9%3A%22_identity%22%3Bi%3A1%3Bs%3A46%3A%22%5B8%2C%22fKR-Wbs9m_-8R5Xblu2yWeNt_mAu2Ic-%22%2C2592000%5D%22%3B%7D; PHPSESSID=j3vs52kgmqf7mphs2t2m1th184'
    'HTTP_ACCEPT_LANGUAGE' => 'zh-CN,zh;q=0.8,en;q=0.6'
    'HTTP_ACCEPT_ENCODING' => 'gzip, deflate, sdch'
    'HTTP_REFERER' => 'http://www.legend.com/frontend/web/index.php?r=site%2Flogin'
    'HTTP_USER_AGENT' => 'Mozilla/5.0 (Windows NT 6.1; WOW64) AppleWebKit/537.36 (KHTML, like Gecko) Chrome/44.0.2391.0 Safari/537.36'
    'HTTP_ACCEPT' => 'text/html,application/xhtml+xml,application/xml;q=0.9,image/webp,*/*;q=0.8'
    'HTTP_CACHE_CONTROL' => 'max-age=0'
    'HTTP_CONNECTION' => 'close'
    'HTTP_HOST' => 'www.legend.com'
    'FCGI_ROLE' => 'RESPONDER'
    'PHP_SELF' => '/frontend/web/index.php'
    'REQUEST_TIME_FLOAT' => 1431591802.3053
    'REQUEST_TIME' => 1431591802
]
2015-05-14 08:26:36 [127.0.0.1][8][-][error][yii\web\HttpException:405] exception 'yii\web\MethodNotAllowedHttpException' with message 'Method Not Allowed. This url can only handle the following request methods: POST.' in E:\Visual-AMP-x64\www\blog\blog\vendor\yiisoft\yii2\filters\VerbFilter.php:105
Stack trace:
#0 [internal function]: yii\filters\VerbFilter->beforeAction(Object(yii\base\ActionEvent))
#1 E:\Visual-AMP-x64\www\blog\blog\vendor\yiisoft\yii2\base\Component.php(538): call_user_func(Array, Object(yii\base\ActionEvent))
#2 E:\Visual-AMP-x64\www\blog\blog\vendor\yiisoft\yii2\base\Controller.php(259): yii\base\Component->trigger('beforeAction', Object(yii\base\ActionEvent))
#3 E:\Visual-AMP-x64\www\blog\blog\vendor\yiisoft\yii2\web\Controller.php(108): yii\base\Controller->beforeAction(Object(yii\base\InlineAction))
#4 E:\Visual-AMP-x64\www\blog\blog\vendor\yiisoft\yii2\base\Controller.php(149): yii\web\Controller->beforeAction(Object(yii\base\InlineAction))
#5 E:\Visual-AMP-x64\www\blog\blog\vendor\yiisoft\yii2\base\Module.php(455): yii\base\Controller->runAction('logout', Array)
#6 E:\Visual-AMP-x64\www\blog\blog\vendor\yiisoft\yii2\web\Application.php(83): yii\base\Module->runAction('site/logout', Array)
#7 E:\Visual-AMP-x64\www\blog\blog\vendor\yiisoft\yii2\base\Application.php(375): yii\web\Application->handleRequest(Object(yii\web\Request))
#8 E:\Visual-AMP-x64\www\blog\blog\frontend\web\index.php(18): yii\base\Application->run()
#9 {main}
2015-05-14 08:26:35 [127.0.0.1][8][-][info][application] $_GET = [
    'r' => 'site/logout'
]

$_COOKIE = [
    '_csrf' => '5f2459c8ed31627f0bf8b6ed42aba472cee8d1b8589695697ba522d5c3277b09a:2:{i:0;s:5:\"_csrf\";i:1;s:32:\"OsB26ZpjVdn3Z8byRtOKsrxdKr_g6Iw7\";}'
    '_identity' => 'bc55a3262a322d49b5779fd75c8d679d4e25d4ef4d8ca8f40f30afac97ba403ca:2:{i:0;s:9:\"_identity\";i:1;s:46:\"[8,\"fKR-Wbs9m_-8R5Xblu2yWeNt_mAu2Ic-\",2592000]\";}'
    'PHPSESSID' => '3llr48griucjml6vpt65l7kim7'
]

$_SESSION = [
    '__flash' => []
    '__returnUrl' => '/frontend/web/index.php?r=site%2Flogout'
    '__id' => 8
]

$_SERVER = [
    'PATH' => 'C:\\Windows\\system32;C:\\Windows;C:\\Windows\\System32\\Wbem;C:\\Windows\\System32\\WindowsPowerShell\\v1.0\\;C:\\Program Files\\Java\\jdk1.7.0_75\\bin;E:\\Visual-AMP-x64\\Bin\\PHP\\php-5.6.3-nts-Win32-VC11-x64;E:\\Visual-AMP-x64\\Bin\\MySQL\\bin;C:\\ProgramData\\ComposerSetup\\bin;D:\\Program Files (x86)\\TortoiseGit\\bin;D:\\Program Files (x86)\\Git\\cmd;'
    'SYSTEMROOT' => 'C:\\Windows'
    'COMSPEC' => 'C:\\Windows\\system32\\cmd.exe'
    'PATHEXT' => '.COM;.EXE;.BAT;.CMD;.VBS;.VBE;.JS;.JSE;.WSF;.WSH;.MSC'
    'WINDIR' => 'C:\\Windows'
    'PHP_FCGI_MAX_REQUESTS' => '1000'
    'PHPRC' => 'E:/Visual-AMP-x64/Bin/PHP/php-5.6.3-nts-Win32-VC11-x64'
    '_FCGI_SHUTDOWN_EVENT_' => '1164'
    'SCRIPT_NAME' => '/frontend/web/index.php'
    'REQUEST_URI' => '/frontend/web/index.php?r=site%2Flogout'
    'QUERY_STRING' => 'r=site%2Flogout'
    'REQUEST_METHOD' => 'GET'
    'SERVER_PROTOCOL' => 'HTTP/1.1'
    'GATEWAY_INTERFACE' => 'CGI/1.1'
    'REMOTE_PORT' => '49729'
    'SCRIPT_FILENAME' => 'E:/Visual-AMP-x64/www/blog/blog/frontend/web/index.php'
    'SERVER_ADMIN' => 'admin@example.com'
    'CONTEXT_DOCUMENT_ROOT' => 'E:/Visual-AMP-x64/www/blog/blog'
    'CONTEXT_PREFIX' => ''
    'REQUEST_SCHEME' => 'http'
    'DOCUMENT_ROOT' => 'E:/Visual-AMP-x64/www/blog/blog'
    'REMOTE_ADDR' => '127.0.0.1'
    'SERVER_PORT' => '80'
    'SERVER_ADDR' => '127.0.0.1'
    'SERVER_NAME' => 'www.legend.com'
    'SERVER_SOFTWARE' => 'Apache/2.4.10 (Win64) mod_fcgid/2.3.9'
    'SERVER_SIGNATURE' => ''
    'SystemRoot' => 'C:\\Windows'
    'HTTP_COOKIE' => '_csrf=5f2459c8ed31627f0bf8b6ed42aba472cee8d1b8589695697ba522d5c3277b09a%3A2%3A%7Bi%3A0%3Bs%3A5%3A%22_csrf%22%3Bi%3A1%3Bs%3A32%3A%22OsB26ZpjVdn3Z8byRtOKsrxdKr_g6Iw7%22%3B%7D; _identity=bc55a3262a322d49b5779fd75c8d679d4e25d4ef4d8ca8f40f30afac97ba403ca%3A2%3A%7Bi%3A0%3Bs%3A9%3A%22_identity%22%3Bi%3A1%3Bs%3A46%3A%22%5B8%2C%22fKR-Wbs9m_-8R5Xblu2yWeNt_mAu2Ic-%22%2C2592000%5D%22%3B%7D; PHPSESSID=3llr48griucjml6vpt65l7kim7'
    'HTTP_ACCEPT_LANGUAGE' => 'zh-CN,zh;q=0.8,en;q=0.6'
    'HTTP_ACCEPT_ENCODING' => 'gzip, deflate, sdch'
    'HTTP_REFERER' => 'http://www.legend.com/frontend/web/index.php?r=site%2Flogin'
    'HTTP_USER_AGENT' => 'Mozilla/5.0 (Windows NT 6.1; WOW64) AppleWebKit/537.36 (KHTML, like Gecko) Chrome/44.0.2391.0 Safari/537.36'
    'HTTP_ACCEPT' => 'text/html,application/xhtml+xml,application/xml;q=0.9,image/webp,*/*;q=0.8'
    'HTTP_CACHE_CONTROL' => 'max-age=0'
    'HTTP_CONNECTION' => 'close'
    'HTTP_HOST' => 'www.legend.com'
    'FCGI_ROLE' => 'RESPONDER'
    'PHP_SELF' => '/frontend/web/index.php'
    'REQUEST_TIME_FLOAT' => 1431591995.8695
    'REQUEST_TIME' => 1431591995
]
2015-05-14 09:15:19 [127.0.0.1][8][-][error][yii\web\HttpException:405] exception 'yii\web\MethodNotAllowedHttpException' with message 'Method Not Allowed. This url can only handle the following request methods: POST.' in E:\Visual-AMP-x64\www\blog\blog\vendor\yiisoft\yii2\filters\VerbFilter.php:105
Stack trace:
#0 [internal function]: yii\filters\VerbFilter->beforeAction(Object(yii\base\ActionEvent))
#1 E:\Visual-AMP-x64\www\blog\blog\vendor\yiisoft\yii2\base\Component.php(538): call_user_func(Array, Object(yii\base\ActionEvent))
#2 E:\Visual-AMP-x64\www\blog\blog\vendor\yiisoft\yii2\base\Controller.php(259): yii\base\Component->trigger('beforeAction', Object(yii\base\ActionEvent))
#3 E:\Visual-AMP-x64\www\blog\blog\vendor\yiisoft\yii2\web\Controller.php(108): yii\base\Controller->beforeAction(Object(yii\base\InlineAction))
#4 E:\Visual-AMP-x64\www\blog\blog\vendor\yiisoft\yii2\base\Controller.php(149): yii\web\Controller->beforeAction(Object(yii\base\InlineAction))
#5 E:\Visual-AMP-x64\www\blog\blog\vendor\yiisoft\yii2\base\Module.php(455): yii\base\Controller->runAction('logout', Array)
#6 E:\Visual-AMP-x64\www\blog\blog\vendor\yiisoft\yii2\web\Application.php(83): yii\base\Module->runAction('site/logout', Array)
#7 E:\Visual-AMP-x64\www\blog\blog\vendor\yiisoft\yii2\base\Application.php(375): yii\web\Application->handleRequest(Object(yii\web\Request))
#8 E:\Visual-AMP-x64\www\blog\blog\frontend\web\index.php(18): yii\base\Application->run()
#9 {main}
2015-05-14 09:15:19 [127.0.0.1][8][-][info][application] $_GET = [
    'r' => 'site/logout'
]

$_COOKIE = [
    '_csrf' => '6f3c9c88ff3c04cbf273e6f9c8316050bd53307cfe382b03c54adbcfe47725aba:2:{i:0;s:5:\"_csrf\";i:1;s:32:\"cvHQj5npqScnWsswa9-FsoTE04ROcUtg\";}'
    '_identity' => 'bc55a3262a322d49b5779fd75c8d679d4e25d4ef4d8ca8f40f30afac97ba403ca:2:{i:0;s:9:\"_identity\";i:1;s:46:\"[8,\"fKR-Wbs9m_-8R5Xblu2yWeNt_mAu2Ic-\",2592000]\";}'
    'PHPSESSID' => 'uutggo391dj7jrdqpe7md3iti2'
]

$_SESSION = [
    '__flash' => []
    '__returnUrl' => '/frontend/web/index.php?r=site%2Flogout'
    '__id' => 8
]

$_SERVER = [
    'PATH' => 'C:\\Windows\\system32;C:\\Windows;C:\\Windows\\System32\\Wbem;C:\\Windows\\System32\\WindowsPowerShell\\v1.0\\;C:\\Program Files\\Java\\jdk1.7.0_75\\bin;E:\\Visual-AMP-x64\\Bin\\PHP\\php-5.6.3-nts-Win32-VC11-x64;E:\\Visual-AMP-x64\\Bin\\MySQL\\bin;C:\\ProgramData\\ComposerSetup\\bin;D:\\Program Files (x86)\\TortoiseGit\\bin;D:\\Program Files (x86)\\Git\\cmd;'
    'SYSTEMROOT' => 'C:\\Windows'
    'COMSPEC' => 'C:\\Windows\\system32\\cmd.exe'
    'PATHEXT' => '.COM;.EXE;.BAT;.CMD;.VBS;.VBE;.JS;.JSE;.WSF;.WSH;.MSC'
    'WINDIR' => 'C:\\Windows'
    'PHP_FCGI_MAX_REQUESTS' => '1000'
    'PHPRC' => 'E:/Visual-AMP-x64/Bin/PHP/php-5.6.3-nts-Win32-VC11-x64'
    '_FCGI_SHUTDOWN_EVENT_' => '996'
    'SCRIPT_NAME' => '/frontend/web/index.php'
    'REQUEST_URI' => '/frontend/web/index.php?r=site%2Flogout'
    'QUERY_STRING' => 'r=site%2Flogout'
    'REQUEST_METHOD' => 'GET'
    'SERVER_PROTOCOL' => 'HTTP/1.1'
    'GATEWAY_INTERFACE' => 'CGI/1.1'
    'REMOTE_PORT' => '56289'
    'SCRIPT_FILENAME' => 'E:/Visual-AMP-x64/www/blog/blog/frontend/web/index.php'
    'SERVER_ADMIN' => 'admin@example.com'
    'CONTEXT_DOCUMENT_ROOT' => 'E:/Visual-AMP-x64/www/blog/blog'
    'CONTEXT_PREFIX' => ''
    'REQUEST_SCHEME' => 'http'
    'DOCUMENT_ROOT' => 'E:/Visual-AMP-x64/www/blog/blog'
    'REMOTE_ADDR' => '127.0.0.1'
    'SERVER_PORT' => '80'
    'SERVER_ADDR' => '127.0.0.1'
    'SERVER_NAME' => 'www.legend.com'
    'SERVER_SOFTWARE' => 'Apache/2.4.10 (Win64) mod_fcgid/2.3.9'
    'SERVER_SIGNATURE' => ''
    'SystemRoot' => 'C:\\Windows'
    'HTTP_COOKIE' => '_csrf=6f3c9c88ff3c04cbf273e6f9c8316050bd53307cfe382b03c54adbcfe47725aba%3A2%3A%7Bi%3A0%3Bs%3A5%3A%22_csrf%22%3Bi%3A1%3Bs%3A32%3A%22cvHQj5npqScnWsswa9-FsoTE04ROcUtg%22%3B%7D; _identity=bc55a3262a322d49b5779fd75c8d679d4e25d4ef4d8ca8f40f30afac97ba403ca%3A2%3A%7Bi%3A0%3Bs%3A9%3A%22_identity%22%3Bi%3A1%3Bs%3A46%3A%22%5B8%2C%22fKR-Wbs9m_-8R5Xblu2yWeNt_mAu2Ic-%22%2C2592000%5D%22%3B%7D; PHPSESSID=uutggo391dj7jrdqpe7md3iti2'
    'HTTP_ACCEPT_LANGUAGE' => 'zh-CN,zh;q=0.8,en;q=0.6'
    'HTTP_ACCEPT_ENCODING' => 'gzip, deflate, sdch'
    'HTTP_REFERER' => 'http://www.legend.com/frontend/web/index.php?r=site%2Flogin'
    'HTTP_USER_AGENT' => 'Mozilla/5.0 (Windows NT 6.1; WOW64) AppleWebKit/537.36 (KHTML, like Gecko) Chrome/44.0.2391.0 Safari/537.36'
    'HTTP_ACCEPT' => 'text/html,application/xhtml+xml,application/xml;q=0.9,image/webp,*/*;q=0.8'
    'HTTP_CACHE_CONTROL' => 'max-age=0'
    'HTTP_CONNECTION' => 'close'
    'HTTP_HOST' => 'www.legend.com'
    'FCGI_ROLE' => 'RESPONDER'
    'PHP_SELF' => '/frontend/web/index.php'
    'REQUEST_TIME_FLOAT' => 1431594919.1855
    'REQUEST_TIME' => 1431594919
]
